<?xml version="1.0" encoding="UTF-8"?>
<testng-results ignored="0" total="4" passed="4" failed="0" skipped="0">
  <reporter-output>
  </reporter-output>
  <suite started-at="2023-03-12T19:37:06 CDT" name="Default suite" finished-at="2023-03-12T19:37:07 CDT" duration-ms="1010">
    <groups>
    </groups>
    <test started-at="2023-03-12T19:37:06 CDT" name="Default test" finished-at="2023-03-12T19:37:07 CDT" duration-ms="1010">
      <class name="DataProvidewithExcel">
        <test-method signature="testcase(java.lang.String,java.lang.String,java.lang.String)[pri:0, instance:DataProvidewithExcel@c267ef4]" started-at="2023-03-12T19:37:07 CDT" name="testcase" data-provider="Datadriven" finished-at="2023-03-12T19:37:07 CDT" duration-ms="4" status="PASS">
          <params>
            <param index="0">
              <value>
                <![CDATA[Smitabhosale108@gmail.com ]]>
              </value>
            </param>
            <param index="1">
              <value>
                <![CDATA[Poo123bh]]>
              </value>
            </param>
            <param index="2">
              <value>
                <![CDATA[1]]>
              </value>
            </param>
          </params>
          <reporter-output>
          </reporter-output>
        </test-method> <!-- testcase -->
        <test-method signature="testcase(java.lang.String,java.lang.String,java.lang.String)[pri:0, instance:DataProvidewithExcel@c267ef4]" started-at="2023-03-12T19:37:07 CDT" name="testcase" data-provider="Datadriven" finished-at="2023-03-12T19:37:07 CDT" duration-ms="1" status="PASS">
          <params>
            <param index="0">
              <value>
                <![CDATA[abcd@gmail.com]]>
              </value>
            </param>
            <param index="1">
              <value>
                <![CDATA[dguhec]]>
              </value>
            </param>
            <param index="2">
              <value>
                <![CDATA[2]]>
              </value>
            </param>
          </params>
          <reporter-output>
          </reporter-output>
        </test-method> <!-- testcase -->
        <test-method signature="testcase(java.lang.String,java.lang.String,java.lang.String)[pri:0, instance:DataProvidewithExcel@c267ef4]" started-at="2023-03-12T19:37:07 CDT" name="testcase" data-provider="Datadriven" finished-at="2023-03-12T19:37:07 CDT" duration-ms="1" status="PASS">
          <params>
            <param index="0">
              <value>
                <![CDATA[kavita11@gmail.com]]>
              </value>
            </param>
            <param index="1">
              <value>
                <![CDATA[gherst]]>
              </value>
            </param>
            <param index="2">
              <value>
                <![CDATA[3]]>
              </value>
            </param>
          </params>
          <reporter-output>
          </reporter-output>
        </test-method> <!-- testcase -->
        <test-method signature="testcase(java.lang.String,java.lang.String,java.lang.String)[pri:0, instance:DataProvidewithExcel@c267ef4]" started-at="2023-03-12T19:37:07 CDT" name="testcase" data-provider="Datadriven" finished-at="2023-03-12T19:37:07 CDT" duration-ms="1" status="PASS">
          <params>
            <param index="0">
              <value>
                <![CDATA[bhosale123]]>
              </value>
            </param>
            <param index="1">
              <value>
                <![CDATA[loufjff]]>
              </value>
            </param>
            <param index="2">
              <value>
                <![CDATA[4]]>
              </value>
            </param>
          </params>
          <reporter-output>
          </reporter-output>
        </test-method> <!-- testcase -->
      </class> <!-- DataProvidewithExcel -->
    </test> <!-- Default test -->
  </suite> <!-- Default suite -->
</testng-results>
