<?xml version="1.0" encoding="UTF-8"?>
<!-- Generated by org.testng.reporters.JUnitXMLReporter -->
<testsuite ignored="0" hostname="LAPTOP-BA9NM6DM" failures="0" tests="4" name="Default test" time="1.01" errors="0" timestamp="2023-03-12T19:37:07 CDT">
  <testcase classname="DataProvidewithExcel" name="testcase" time="0.004"/>
  <testcase classname="DataProvidewithExcel" name="testcase" time="0.001"/>
  <testcase classname="DataProvidewithExcel" name="testcase" time="0.001"/>
  <testcase classname="DataProvidewithExcel" name="testcase" time="0.001"/>
</testsuite> <!-- Default test -->
